C51 COMPILER V8.06   UART1                                                                 07/23/2020 00:01:58 PAGE 1   


C51 COMPILER V8.06, COMPILATION OF MODULE UART1
OBJECT MODULE PLACED IN UART1.OBJ
COMPILER INVOKED BY: C:\Keil\C51\BIN\C51.EXE UART1.c BROWSE DEBUG OBJECTEXTEND

line level    source

   1          #include<reg52.h>
   2          #include<stdio.h>
   3          #define uint unsigned int 
   4          #define uchar unsigned char
   5          void delay(uint z)
   6          {
   7   1              uint y;
   8   1              for(;z>0;z--)
   9   1                      for(y=114;y>0;y--);
  10   1      }
  11          void UARTInit()
  12          {       
  13   1              TR1=1;
  14   1              TMOD|=0x20;
  15   1              TH1=0xfd;
  16   1              TL1=0xfd;
  17   1              SCON=0x40;
  18   1      }
  19          void main()
  20          {
  21   1              UARTInit();
  22   1              while(1)
  23   1              {
  24   2                      TI=1;
  25   2                      printf("单片机学习之路\n");
  26   2                      while(!TI);//等待发送完
  27   2                      TI=0;
  28   2                      delay(1000);
  29   2              }
  30   1      }


MODULE INFORMATION:   STATIC OVERLAYABLE
   CODE SIZE        =     73    ----
   CONSTANT SIZE    =     16    ----
   XDATA SIZE       =   ----    ----
   PDATA SIZE       =   ----    ----
   DATA SIZE        =   ----    ----
   IDATA SIZE       =   ----    ----
   BIT SIZE         =   ----    ----
END OF MODULE INFORMATION.


C51 COMPILATION COMPLETE.  0 WARNING(S),  0 ERROR(S)
